2015-11-23 23:23:03    UserID : 100000    Login Completed
2015-11-23 23:23:13    UserID : 100000    Passward is changed by   AdminID : 100000
2015-11-23 23:24:43    UserID : 100000    Nickname is changed by   AdminID : 100000
2015-11-23 23:24:49    UserID : 100000    Logout Completed
2015-11-23 23:24:56    UserID : 100000    Login Completed
2015-11-23 23:26:34    ISBN : 1    is added by   AdminID : 100000
2015-11-23 23:28:54    ISBN : 5456435456456    is added by   AdminID : 100000
2015-11-23 23:32:51    UserID : 100000    Login Completed
2015-11-23 23:33:09    UserID : 100000    Logout Completed
2015-11-23 23:33:32    UserID : 100000    Login Completed
2015-11-23 23:35:06    ISBN : 48745123    is added by   AdminID : 100000
2015-11-23 23:36:17    ISBN : 36446947565    is added by   AdminID : 100000
2015-11-23 23:41:00    ISBN : 9787302390107    is added by   AdminID : 100000
2015-11-23 23:45:25    ISBN : 36446947565    is deleted by   AdminID : 100000
2015-11-23 23:45:35    UserID : 100000    Logout Completed
2015-11-23 23:52:48    UserID : 100000    Login Completed
2015-11-23 23:54:20    ISBN : 9787115331809    is added by   AdminID : 100000
2015-11-23 23:57:29    ISBN : 1    is borrowed by   UserID : 100000
2015-11-23 23:57:33    ISBN : 1    is returned by   UserID : 100000
2015-11-24 00:44:09    UserID : 100000    Login Completed
2015-11-24 00:45:11    UserID : 100000    Login Completed
2015-11-24 00:46:53    UserID : 100000    Login Completed
2015-11-24 00:48:21    ISBN : 1    is borrowed by   UserID : 100000
2015-11-24 00:49:02    ISBN : 1    is returned by   UserID : 100000
2015-11-24 00:49:07    ISBN : 1    is borrowed by   UserID : 100000
2015-11-24 00:49:15    ISBN : 1    is returned by   UserID : 100000
2015-11-24 00:49:32    UserID : 100000    Logout Completed
2015-11-24 00:51:53    UserID : 100000    Login Completed
2015-11-24 00:51:58    ISBN : 1    is borrowed by   UserID : 100000
2015-11-24 00:52:06    UserID : 100000    Logout Completed
2015-11-24 00:54:13    UserID : 100000    Login Completed
2015-11-24 00:55:36    ISBN : 1    is returned by   UserID : 100000
2015-11-24 00:55:39    ISBN : 1    is borrowed by   UserID : 100000
2015-11-24 00:58:43    UserID : 100000    Login Completed
2015-11-24 00:58:45    ISBN : 1    is returned by   UserID : 100000
2015-11-24 00:58:47    ISBN : 1    is borrowed by   UserID : 100000
2015-11-24 00:58:56    ISBN : 1    is returned by   UserID : 100000
2015-11-24 00:58:57    ISBN : 1    is borrowed by   UserID : 100000
2015-11-24 00:59:36    UserID : 100000    Logout Completed
2015-11-24 01:01:51    UserID : 100000    Login Completed
2015-11-24 11:44:33    UserID : 100000    Login Completed
2015-11-24 11:48:37    ISBN : -8555657610957078618    is added by   AdminID : 100000
2015-11-24 11:50:04    ISBN : 9787562421467    is added by   AdminID : 100000
2015-11-24 11:54:14    UserID : 100000    Logout Completed
2015-11-24 11:59:00    UserID : 100000    Login Completed
2015-11-24 12:00:13    ISBN : 7811050382    is added by   AdminID : 100000
2015-11-24 12:01:01    ISBN : 9787544607513    is added by   AdminID : 100000
2015-11-24 12:02:14    ISBN : 9787544627634    is added by   AdminID : 100000
2015-11-24 12:03:18    ISBN : 9787309085068    is added by   AdminID : 100000
2015-11-24 12:04:09    ISBN : 9787510041105    is added by   AdminID : 100000
2015-11-24 12:04:55    ISBN : 9787305106279    is added by   AdminID : 100000
2015-11-24 12:07:38    ISBN : 9787540213152    is added by   AdminID : 100000
2015-11-24 12:10:11    ISBN : 9787806767634    is added by   AdminID : 100000
2015-11-24 12:10:59    ISBN : 9787534242311    is added by   AdminID : 100000
2015-11-24 12:12:03    ISBN : 9787535427304    is added by   AdminID : 100000
2015-11-24 12:13:22    ISBN : 9787201070636    is added by   AdminID : 100000
2015-11-24 12:15:11    ISBN : 9787807036265    is added by   AdminID : 100000
2015-11-24 12:16:10    ISBN : 9787530950555    is added by   AdminID : 100000
2015-11-24 12:17:57    ISBN : 9787800875922    is added by   AdminID : 100000
2015-11-24 12:19:17    ISBN : 9787807310846    is added by   AdminID : 100000
2015-11-24 12:19:22    UserID : 100000    Logout Completed
